<?xml version="1.0" encoding="UTF-8"?>
<testsuite name="kind.support.collections.ListsTest" tests="16" skipped="0" failures="0" errors="0" timestamp="2020-10-29T12:29:29" hostname="TON-HCSHBH2" time="0.008">
  <properties/>
  <testcase name="testToStringOnNull" classname="kind.support.collections.ListsTest" time="0.002"/>
  <testcase name="testToArrayWhenGivenNull" classname="kind.support.collections.ListsTest" time="0.0"/>
  <testcase name="testToDelimitedString" classname="kind.support.collections.ListsTest" time="0.001"/>
  <testcase name="testOfOnAObjectArray" classname="kind.support.collections.ListsTest" time="0.0"/>
  <testcase name="testIsLastItemWhenArrayIsNull" classname="kind.support.collections.ListsTest" time="0.0"/>
  <testcase name="testToArray" classname="kind.support.collections.ListsTest" time="0.0"/>
  <testcase name="testToStringOnEmptyList" classname="kind.support.collections.ListsTest" time="0.0"/>
  <testcase name="testToString" classname="kind.support.collections.ListsTest" time="0.0"/>
  <testcase name="testOfOnAIterator" classname="kind.support.collections.ListsTest" time="0.001"/>
  <testcase name="testOfOnAMap" classname="kind.support.collections.ListsTest" time="0.0"/>
  <testcase name="testIsLastItemWithObject" classname="kind.support.collections.ListsTest" time="0.0"/>
  <testcase name="testToArrayOnString" classname="kind.support.collections.ListsTest" time="0.0"/>
  <testcase name="testNewArrayList" classname="kind.support.collections.ListsTest" time="0.0"/>
  <testcase name="testIsLastItem" classname="kind.support.collections.ListsTest" time="0.0"/>
  <testcase name="testTransform" classname="kind.support.collections.ListsTest" time="0.001"/>
  <testcase name="testToDelimitedStringWhenListIsNull" classname="kind.support.collections.ListsTest" time="0.0"/>
  <system-out><![CDATA[]]></system-out>
  <system-err><![CDATA[]]></system-err>
</testsuite>
