<?xml version="1.0" encoding="UTF-8"?>
<testsuite name="kind.support.collections.ArraysTest" tests="66" skipped="0" failures="0" errors="0" timestamp="2020-10-29T12:29:29" hostname="TON-HCSHBH2" time="0.02">
  <properties/>
  <testcase name="testCopy_null" classname="kind.support.collections.ArraysTest" time="0.002"/>
  <testcase name="testToStringWhenGivenNull" classname="kind.support.collections.ArraysTest" time="0.001"/>
  <testcase name="testIndexOf_double" classname="kind.support.collections.ArraysTest" time="0.0"/>
  <testcase name="lastIndexOf_char" classname="kind.support.collections.ArraysTest" time="0.0"/>
  <testcase name="testIndexOfOnAShort" classname="kind.support.collections.ArraysTest" time="0.0"/>
  <testcase name="testToIterator_ints" classname="kind.support.collections.ArraysTest" time="0.001"/>
  <testcase name="testIsLastItemWhenArrayIsNull" classname="kind.support.collections.ArraysTest" time="0.0"/>
  <testcase name="testIsEmptyOnShortArray" classname="kind.support.collections.ArraysTest" time="0.0"/>
  <testcase name="testLastIndexOf_String" classname="kind.support.collections.ArraysTest" time="0.0"/>
  <testcase name="testAdd" classname="kind.support.collections.ArraysTest" time="0.0"/>
  <testcase name="testContains_float" classname="kind.support.collections.ArraysTest" time="0.0"/>
  <testcase name="testContains_short" classname="kind.support.collections.ArraysTest" time="0.0"/>
  <testcase name="testEmptyArray_emptyArray" classname="kind.support.collections.ArraysTest" time="0.001"/>
  <testcase name="testIsEmptyOnIntArray" classname="kind.support.collections.ArraysTest" time="0.0"/>
  <testcase name="testExpandByOne" classname="kind.support.collections.ArraysTest" time="0.0"/>
  <testcase name="testContains_int" classname="kind.support.collections.ArraysTest" time="0.001"/>
  <testcase name="testInvert_array_WithNulls" classname="kind.support.collections.ArraysTest" time="0.0"/>
  <testcase name="testLastIndexOf_int" classname="kind.support.collections.ArraysTest" time="0.0"/>
  <testcase name="testToString" classname="kind.support.collections.ArraysTest" time="0.0"/>
  <testcase name="testLastIndexOf_double" classname="kind.support.collections.ArraysTest" time="0.0"/>
  <testcase name="testIsEmptyOnCharArray" classname="kind.support.collections.ArraysTest" time="0.0"/>
  <testcase name="testInvert_array_WithStrings" classname="kind.support.collections.ArraysTest" time="0.0"/>
  <testcase name="testOf" classname="kind.support.collections.ArraysTest" time="0.0"/>
  <testcase name="testContains_String" classname="kind.support.collections.ArraysTest" time="0.0"/>
  <testcase name="testLastIndexOf_float" classname="kind.support.collections.ArraysTest" time="0.0"/>
  <testcase name="testLastIndexOf_short" classname="kind.support.collections.ArraysTest" time="0.0"/>
  <testcase name="testIndexOf_boolean" classname="kind.support.collections.ArraysTest" time="0.0"/>
  <testcase name="testContains_double" classname="kind.support.collections.ArraysTest" time="0.0"/>
  <testcase name="testIsEmptyOnByteArray" classname="kind.support.collections.ArraysTest" time="0.0"/>
  <testcase name="testContains_byte" classname="kind.support.collections.ArraysTest" time="0.0"/>
  <testcase name="testContains_char" classname="kind.support.collections.ArraysTest" time="0.001"/>
  <testcase name="testContains_long" classname="kind.support.collections.ArraysTest" time="0.0"/>
  <testcase name="testIndexNotFound" classname="kind.support.collections.ArraysTest" time="0.0"/>
  <testcase name="testLastIndexOf_boolean" classname="kind.support.collections.ArraysTest" time="0.0"/>
  <testcase name="testIsEmptyOnFloatArray" classname="kind.support.collections.ArraysTest" time="0.0"/>
  <testcase name="testIsLastItemOnAObject" classname="kind.support.collections.ArraysTest" time="0.0"/>
  <testcase name="testIndexOf_byte" classname="kind.support.collections.ArraysTest" time="0.0"/>
  <testcase name="testIndexOf_char" classname="kind.support.collections.ArraysTest" time="0.0"/>
  <testcase name="testIndexOf_long" classname="kind.support.collections.ArraysTest" time="0.0"/>
  <testcase name="testNewArray_String" classname="kind.support.collections.ArraysTest" time="0.0"/>
  <testcase name="testLastIndexOf_null_null" classname="kind.support.collections.ArraysTest" time="0.0"/>
  <testcase name="testIndexOf_int" classname="kind.support.collections.ArraysTest" time="0.0"/>
  <testcase name="testExpandWhenGivenNull" classname="kind.support.collections.ArraysTest" time="0.001"/>
  <testcase name="testToIterator_String" classname="kind.support.collections.ArraysTest" time="0.0"/>
  <testcase name="testNewArray_ref_lenght" classname="kind.support.collections.ArraysTest" time="0.0"/>
  <testcase name="testContains_boolean" classname="kind.support.collections.ArraysTest" time="0.0"/>
  <testcase name="testCopy_Strings" classname="kind.support.collections.ArraysTest" time="0.0"/>
  <testcase name="testNewArray_ZeroLength" classname="kind.support.collections.ArraysTest" time="0.0"/>
  <testcase name="testConcat" classname="kind.support.collections.ArraysTest" time="0.0"/>
  <testcase name="testIndexOfOnAInt" classname="kind.support.collections.ArraysTest" time="0.0"/>
  <testcase name="testIndexOfOnAByte" classname="kind.support.collections.ArraysTest" time="0.001"/>
  <testcase name="testIndexOfOnAChar" classname="kind.support.collections.ArraysTest" time="0.0"/>
  <testcase name="testIndexOfOnALong" classname="kind.support.collections.ArraysTest" time="0.0"/>
  <testcase name="testIsLastItem" classname="kind.support.collections.ArraysTest" time="0.0"/>
  <testcase name="testLastIndexOf_byte" classname="kind.support.collections.ArraysTest" time="0.0"/>
  <testcase name="testLastIndexOf_long" classname="kind.support.collections.ArraysTest" time="0.0"/>
  <testcase name="testIsEmptyOnBooleanArray" classname="kind.support.collections.ArraysTest" time="0.0"/>
  <testcase name="testRandom" classname="kind.support.collections.ArraysTest" time="0.001"/>
  <testcase name="testIndexOf_float" classname="kind.support.collections.ArraysTest" time="0.0"/>
  <testcase name="testToList" classname="kind.support.collections.ArraysTest" time="0.0"/>
  <testcase name="testIndexOf_short" classname="kind.support.collections.ArraysTest" time="0.0"/>
  <testcase name="testEmptyArray_filledArray" classname="kind.support.collections.ArraysTest" time="0.0"/>
  <testcase name="testIsEmptyOnDoubleArray" classname="kind.support.collections.ArraysTest" time="0.0"/>
  <testcase name="testIndexOf_String" classname="kind.support.collections.ArraysTest" time="0.0"/>
  <testcase name="testIsEmptyOnLongArray" classname="kind.support.collections.ArraysTest" time="0.0"/>
  <testcase name="testNewArray_NegativeLength" classname="kind.support.collections.ArraysTest" time="0.0"/>
  <system-out><![CDATA[]]></system-out>
  <system-err><![CDATA[]]></system-err>
</testsuite>
