<?xml version="1.0" encoding="UTF-8"?>
<testsuite name="kind.support.PreconditionsTest" tests="11" skipped="0" failures="0" errors="0" timestamp="2020-10-29T12:29:29" hostname="TON-HCSHBH2" time="0.002">
  <properties/>
  <testcase name="testChecArgument_false" classname="kind.support.PreconditionsTest" time="0.0"/>
  <testcase name="testCheckState_false" classname="kind.support.PreconditionsTest" time="0.0"/>
  <testcase name="testCheckNotNull_false" classname="kind.support.PreconditionsTest" time="0.0"/>
  <testcase name="testChecArgumentWithMessage_false" classname="kind.support.PreconditionsTest" time="0.0"/>
  <testcase name="testAssertNotEmptyString_string_OnNull" classname="kind.support.PreconditionsTest" time="0.0"/>
  <testcase name="testCheckNotNullWithMessage" classname="kind.support.PreconditionsTest" time="0.0"/>
  <testcase name="testCheckStateWithMessage" classname="kind.support.PreconditionsTest" time="0.0"/>
  <testcase name="testAssertNotEmptyString_string_OnEmptyString" classname="kind.support.PreconditionsTest" time="0.0"/>
  <testcase name="testChecArgument_true" classname="kind.support.PreconditionsTest" time="0.0"/>
  <testcase name="testAssertNotEmptyString_string_string" classname="kind.support.PreconditionsTest" time="0.0"/>
  <testcase name="testCheckNotNullWhenNot" classname="kind.support.PreconditionsTest" time="0.0"/>
  <system-out><![CDATA[]]></system-out>
  <system-err><![CDATA[]]></system-err>
</testsuite>
