<?xml version="1.0" encoding="UTF-8"?>
<testsuite name="kind.support.text.StringsTest" tests="46" skipped="0" failures="0" errors="0" timestamp="2020-10-29T12:29:29" hostname="TON-HCSHBH2" time="0.072">
  <properties/>
  <testcase name="testRemoveAlphaWhenGivenNull" classname="kind.support.text.StringsTest" time="0.0"/>
  <testcase name="testIsNumeric" classname="kind.support.text.StringsTest" time="0.0"/>
  <testcase name="testSubstringBetween" classname="kind.support.text.StringsTest" time="0.0"/>
  <testcase name="testReplaceIfFasterThanStandardReplace" classname="kind.support.text.StringsTest" time="0.061"/>
  <testcase name="testToUpper" classname="kind.support.text.StringsTest" time="0.0"/>
  <testcase name="testTab" classname="kind.support.text.StringsTest" time="0.0"/>
  <testcase name="testPadRightWhenGivenStringIsLongerThanMaxLenght" classname="kind.support.text.StringsTest" time="0.001"/>
  <testcase name="testOf_string_10parameters" classname="kind.support.text.StringsTest" time="0.0"/>
  <testcase name="testEmpty" classname="kind.support.text.StringsTest" time="0.0"/>
  <testcase name="testPadLeft" classname="kind.support.text.StringsTest" time="0.0"/>
  <testcase name="testSpace" classname="kind.support.text.StringsTest" time="0.0"/>
  <testcase name="testCopy" classname="kind.support.text.StringsTest" time="0.0"/>
  <testcase name="testOf_string_1parameters" classname="kind.support.text.StringsTest" time="0.0"/>
  <testcase name="testSubstringBefore" classname="kind.support.text.StringsTest" time="0.0"/>
  <testcase name="testSubstringAfter" classname="kind.support.text.StringsTest" time="0.001"/>
  <testcase name="testRemoveAlpha" classname="kind.support.text.StringsTest" time="0.002"/>
  <testcase name="testIsWhitespace" classname="kind.support.text.StringsTest" time="0.0"/>
  <testcase name="testEqualsIgnoreCase" classname="kind.support.text.StringsTest" time="0.0"/>
  <testcase name="testToUpperWithIndex" classname="kind.support.text.StringsTest" time="0.0"/>
  <testcase name="testOf_string_GreaterParameters" classname="kind.support.text.StringsTest" time="0.0"/>
  <testcase name="testCopyWithDelimiter" classname="kind.support.text.StringsTest" time="0.0"/>
  <testcase name="testUpperLetters" classname="kind.support.text.StringsTest" time="0.0"/>
  <testcase name="testSubstringBeforeLast" classname="kind.support.text.StringsTest" time="0.0"/>
  <testcase name="testContainsLowerCase" classname="kind.support.text.StringsTest" time="0.001"/>
  <testcase name="testPadLeftWithAStringThatWouldExceedTheTotal" classname="kind.support.text.StringsTest" time="0.0"/>
  <testcase name="testReplace" classname="kind.support.text.StringsTest" time="0.0"/>
  <testcase name="testSubstringAfterLast" classname="kind.support.text.StringsTest" time="0.0"/>
  <testcase name="testContainsUpperCase" classname="kind.support.text.StringsTest" time="0.0"/>
  <testcase name="testIsEmptyOnANull" classname="kind.support.text.StringsTest" time="0.0"/>
  <testcase name="testReplaceIfEmpty" classname="kind.support.text.StringsTest" time="0.0"/>
  <testcase name="testPadLeftWithAChar" classname="kind.support.text.StringsTest" time="0.0"/>
  <testcase name="testRemoveNumeric" classname="kind.support.text.StringsTest" time="0.0"/>
  <testcase name="testOf_string" classname="kind.support.text.StringsTest" time="0.0"/>
  <testcase name="testIsAlphanumeric" classname="kind.support.text.StringsTest" time="0.0"/>
  <testcase name="testOf_string_2parameters" classname="kind.support.text.StringsTest" time="0.001"/>
  <testcase name="testPadRight" classname="kind.support.text.StringsTest" time="0.0"/>
  <testcase name="testIsEmptyOrNull" classname="kind.support.text.StringsTest" time="0.0"/>
  <testcase name="testOf_string_LessParameters" classname="kind.support.text.StringsTest" time="0.0"/>
  <testcase name="testOf_string_WrongTokenizer" classname="kind.support.text.StringsTest" time="0.0"/>
  <testcase name="testIsAlpha" classname="kind.support.text.StringsTest" time="0.0"/>
  <testcase name="testIsEmpty" classname="kind.support.text.StringsTest" time="0.0"/>
  <testcase name="testRemoveNumericWhenGivenNull" classname="kind.support.text.StringsTest" time="0.001"/>
  <testcase name="testRandom" classname="kind.support.text.StringsTest" time="0.0"/>
  <testcase name="testPadLeftWhenGivenStringIsLongerThanMaxLenght" classname="kind.support.text.StringsTest" time="0.0"/>
  <testcase name="testToUpperWithIndexOutOfBounds" classname="kind.support.text.StringsTest" time="0.0"/>
  <testcase name="testContainsDigits" classname="kind.support.text.StringsTest" time="0.0"/>
  <system-out><![CDATA[]]></system-out>
  <system-err><![CDATA[]]></system-err>
</testsuite>
