<?xml version="1.0" encoding="UTF-8"?>
<testsuite name="kind.support.maps.MapsTest" tests="6" skipped="0" failures="0" errors="0" timestamp="2020-10-29T12:29:29" hostname="TON-HCSHBH2" time="0.005">
  <properties/>
  <testcase name="testNewIteratableHashMap" classname="kind.support.maps.MapsTest" time="0.0"/>
  <testcase name="testToString_full" classname="kind.support.maps.MapsTest" time="0.003"/>
  <testcase name="testn" classname="kind.support.maps.MapsTest" time="0.0"/>
  <testcase name="testToIterator" classname="kind.support.maps.MapsTest" time="0.0"/>
  <testcase name="testNewHashMap" classname="kind.support.maps.MapsTest" time="0.0"/>
  <testcase name="testOfOnProperties" classname="kind.support.maps.MapsTest" time="0.0"/>
  <system-out><![CDATA[{"Last Name":"Lee","First Name":"Mike","Age":26}
{"Last Name":"Lee","First Name":"Mike","Age":26}
]]></system-out>
  <system-err><![CDATA[]]></system-err>
</testsuite>
