<?xml version="1.0" encoding="UTF-8"?>
<testsuite name="kind.support.collections.IteratableHashMapTest" tests="1" skipped="0" failures="0" errors="0" timestamp="2020-10-29T12:29:29" hostname="TON-HCSHBH2" time="0.0">
  <properties/>
  <testcase name="testIterator" classname="kind.support.collections.IteratableHashMapTest" time="0.0"/>
  <system-out><![CDATA[]]></system-out>
  <system-err><![CDATA[]]></system-err>
</testsuite>
