<?xml version="1.0" encoding="UTF-8"?>
<testsuite name="kind.support.TypesTest" tests="2" skipped="0" failures="0" errors="0" timestamp="2020-10-29T12:29:29" hostname="TON-HCSHBH2" time="0.001">
  <properties/>
  <testcase name="testFromNameWithShortString" classname="kind.support.TypesTest" time="0.001"/>
  <testcase name="testFromNameWithLongString" classname="kind.support.TypesTest" time="0.0"/>
  <system-out><![CDATA[]]></system-out>
  <system-err><![CDATA[]]></system-err>
</testsuite>
