<?xml version="1.0" encoding="UTF-8"?>
<testsuite name="kind.support.reflections.FieldWalkerTest" tests="1" skipped="0" failures="0" errors="0" timestamp="2020-10-29T12:29:29" hostname="TON-HCSHBH2" time="0.003">
  <properties/>
  <testcase name="testWalk_object_" classname="kind.support.reflections.FieldWalkerTest" time="0.003"/>
  <system-out><![CDATA[]]></system-out>
  <system-err><![CDATA[]]></system-err>
</testsuite>
