<?xml version="1.0" encoding="UTF-8"?>
<testsuite name="kind.support.NumbersTest" tests="4" skipped="0" failures="0" errors="0" timestamp="2020-10-29T12:29:29" hostname="TON-HCSHBH2" time="0.001">
  <properties/>
  <testcase name="testIsOdd" classname="kind.support.NumbersTest" time="0.0"/>
  <testcase name="testRandomWithMinAndMax" classname="kind.support.NumbersTest" time="0.0"/>
  <testcase name="testRandomWithExclusions" classname="kind.support.NumbersTest" time="0.001"/>
  <testcase name="testIsEven" classname="kind.support.NumbersTest" time="0.0"/>
  <system-out><![CDATA[]]></system-out>
  <system-err><![CDATA[]]></system-err>
</testsuite>
